<?xml version="1.0" encoding="UTF-8"?>
<testsuite xmlns:xsi="http://www.w3.org/2001/XMLSchema-instance" xsi:noNamespaceSchemaLocation="https://maven.apache.org/surefire/maven-surefire-plugin/xsd/surefire-test-report.xsd" name="cucumber.Options.TestRunner" time="15.17" tests="4" errors="0" skipped="0" failures="1">
  <properties>
[...]
</properties>
  <testcase name="Verify if bookig is successufully created for user" classname="Validating create booking API" time="8.994"/>
  <testcase name="Verify if update booking functionality is working" classname="Validating create booking API" time="1.61"/>
  <testcase name="Verify if get booking functionality is working" classname="Validating create booking API" time="1.763"/>
  <testcase name="Verify if delete booking functionality is working" classname="Validating create booking API" time="1.651">
    <failure message="expected:&lt;[405]&gt; but was:&lt;[201]&gt;" type="org.junit.ComparisonFailure"><![CDATA[org.junit.ComparisonFailure: expected:<[405]> but was:<[201]>
]]></failure>
  </testcase>
</testsuite>